# JRE version: OpenJDK Runtime Environment Temurin-21.0.12.1+1 (21.0.12.1+1) (build 21.0.12.1+1-LTS)
# Java VM: OpenJDK 64-Bit Server VM Temurin-21.0.12.1+1 (21.0.12.1+1-LTS, mixed mode, tiered, compressed oops, compressed class ptrs, parallel gc, windows-amd64)
GC Precious Log:
 CardTable entry size: 512
 CPUs: 2 total, 2 available
 Memory: 3889M
 Large Page Support: Disabled
 NUMA Support: Disabled
 Compressed Oops: Enabled (32-bit)
 Alignments: Space 512K, Generation 512K, Heap 2M
 Heap Min Capacity: 100M
 Heap Initial Capacity: 100M
 Heap Max Capacity: 2G
 Pre-touch: Disabled
 Parallel Workers: 2
Heap:
 PSYoungGen      total 20992K, used 2484K [0x00000000d5580000, 0x00000000d6c80000, 0x0000000100000000)
  eden space 18432K, 1% used [0x00000000d5580000,0x00000000d55cc818,0x00000000d6780000)
  from space 2560K, 85% used [0x00000000d6880000,0x00000000d6aa0810,0x00000000d6b00000)
  to   space 1536K, 0% used [0x00000000d6b00000,0x00000000d6b00000,0x00000000d6c80000)
 ParOldGen       total 68608K, used 30358K [0x0000000080000000, 0x0000000084300000, 0x00000000d5580000)
  object space 68608K, 44% used [0x0000000080000000,0x0000000081da5b18,0x0000000084300000)
 Metaspace       used 63092K, committed 64320K, reserved 1114112K
  class space    used 6795K, committed 7296K, reserved 1048576K
GC Heap History (20 events):
Event: 46.443 GC heap before
{Heap before GC invocations=18 (full 2):
 PSYoungGen      total 24576K, used 24194K [0x00000000d5580000, 0x00000000d7000000, 0x0000000100000000)
  eden space 22016K, 99% used [0x00000000d5580000,0x00000000d6affff0,0x00000000d6b00000)
  from space 2560K, 85% used [0x00000000d6b00000,0x00000000d6d20ba0,0x00000000d6d80000)
  to   space 2560K, 0% used [0x00000000d6d80000,0x00000000d6d80000,0x00000000d7000000)
 ParOldGen       total 68608K, used 19333K [0x0000000080000000, 0x0000000084300000, 0x00000000d5580000)
  object space 68608K, 28% used [0x0000000080000000,0x00000000812e17a8,0x0000000084300000)
 Metaspace       used 49021K, committed 50112K, reserved 1114112K
  class space    used 5116K, committed 5568K, reserved 1048576K
}
Event: 46.450 GC heap after
{Heap after GC invocations=18 (full 2):
 PSYoungGen      total 23552K, used 1328K [0x00000000d5580000, 0x00000000d6f00000, 0x0000000100000000)
  eden space 22016K, 0% used [0x00000000d5580000,0x00000000d5580000,0x00000000d6b00000)
  from space 1536K, 86% used [0x00000000d6d80000,0x00000000d6ecc010,0x00000000d6f00000)
  to   space 2048K, 0% used [0x00000000d6b00000,0x00000000d6b00000,0x00000000d6d00000)
 ParOldGen       total 68608K, used 21539K [0x0000000080000000, 0x0000000084300000, 0x00000000d5580000)
  object space 68608K, 31% used [0x0000000080000000,0x0000000081508fa0,0x0000000084300000)
 Metaspace       used 49021K, committed 50112K, reserved 1114112K
  class space    used 5116K, committed 5568K, reserved 1048576K
}
Event: 47.168 GC heap before
{Heap before GC invocations=19 (full 2):
 PSYoungGen      total 23552K, used 23343K [0x00000000d5580000, 0x00000000d6f00000, 0x0000000100000000)
  eden space 22016K, 99% used [0x00000000d5580000,0x00000000d6afffd8,0x00000000d6b00000)
  from space 1536K, 86% used [0x00000000d6d80000,0x00000000d6ecc010,0x00000000d6f00000)
  to   space 2048K, 0% used [0x00000000d6b00000,0x00000000d6b00000,0x00000000d6d00000)
 ParOldGen       total 68608K, used 21539K [0x0000000080000000, 0x0000000084300000, 0x00000000d5580000)
  object space 68608K, 31% used [0x0000000080000000,0x0000000081508fa0,0x0000000084300000)
 Metaspace       used 52389K, committed 53504K, reserved 1114112K
  class space    used 5499K, committed 5952K, reserved 1048576K
}
Event: 47.173 GC heap after
{Heap after GC invocations=19 (full 2):
 PSYoungGen      total 23552K, used 1354K [0x00000000d5580000, 0x00000000d6e00000, 0x0000000100000000)
  eden space 22016K, 0% used [0x00000000d5580000,0x00000000d5580000,0x00000000d6b00000)
  from space 1536K, 88% used [0x00000000d6b00000,0x00000000d6c528e8,0x00000000d6c80000)
  to   space 1536K, 0% used [0x00000000d6c80000,0x00000000d6c80000,0x00000000d6e00000)
 ParOldGen       total 68608K, used 22736K [0x0000000080000000, 0x0000000084300000, 0x00000000d5580000)
  object space 68608K, 33% used [0x0000000080000000,0x0000000081634338,0x0000000084300000)
 Metaspace       used 52389K, committed 53504K, reserved 1114112K
  class space    used 5499K, committed 5952K, reserved 1048576K
}
Event: 47.890 GC heap before
{Heap before GC invocations=20 (full 2):
 PSYoungGen      total 23552K, used 23370K [0x00000000d5580000, 0x00000000d6e00000, 0x0000000100000000)
  eden space 22016K, 100% used [0x00000000d5580000,0x00000000d6b00000,0x00000000d6b00000)
  from space 1536K, 88% used [0x00000000d6b00000,0x00000000d6c528e8,0x00000000d6c80000)
  to   space 1536K, 0% used [0x00000000d6c80000,0x00000000d6c80000,0x00000000d6e00000)
 ParOldGen       total 68608K, used 22736K [0x0000000080000000, 0x0000000084300000, 0x00000000d5580000)
  object space 68608K, 33% used [0x0000000080000000,0x0000000081634338,0x0000000084300000)
 Metaspace       used 54470K, committed 55616K, reserved 1114112K
  class space    used 5784K, committed 6272K, reserved 1048576K
}
Event: 47.895 GC heap after
{Heap after GC invocations=20 (full 2):
 PSYoungGen      total 22016K, used 1536K [0x00000000d5580000, 0x00000000d7100000, 0x0000000100000000)
  eden space 20480K, 0% used [0x00000000d5580000,0x00000000d5580000,0x00000000d6980000)
  from space 1536K, 100% used [0x00000000d6c80000,0x00000000d6e00000,0x00000000d6e00000)
  to   space 3072K, 0% used [0x00000000d6980000,0x00000000d6980000,0x00000000d6c80000)
 ParOldGen       total 68608K, used 24015K [0x0000000080000000, 0x0000000084300000, 0x00000000d5580000)
  object space 68608K, 35% used [0x0000000080000000,0x0000000081773c40,0x0000000084300000)
 Metaspace       used 54470K, committed 55616K, reserved 1114112K
  class space    used 5784K, committed 6272K, reserved 1048576K
}
Event: 49.103 GC heap before
{Heap before GC invocations=21 (full 2):
 PSYoungGen      total 22016K, used 22016K [0x00000000d5580000, 0x00000000d7100000, 0x0000000100000000)
  eden space 20480K, 100% used [0x00000000d5580000,0x00000000d6980000,0x00000000d6980000)
  from space 1536K, 100% used [0x00000000d6c80000,0x00000000d6e00000,0x00000000d6e00000)
  to   space 3072K, 0% used [0x00000000d6980000,0x00000000d6980000,0x00000000d6c80000)
 ParOldGen       total 68608K, used 24015K [0x0000000080000000, 0x0000000084300000, 0x00000000d5580000)
  object space 68608K, 35% used [0x0000000080000000,0x0000000081773c40,0x0000000084300000)
 Metaspace       used 56896K, committed 57984K, reserved 1114112K
  class space    used 6097K, committed 6592K, reserved 1048576K
}
Event: 49.109 GC heap after
{Heap after GC invocations=21 (full 2):
 PSYoungGen      total 22016K, used 1152K [0x00000000d5580000, 0x00000000d6d80000, 0x0000000100000000)
  eden space 20480K, 0% used [0x00000000d5580000,0x00000000d5580000,0x00000000d6980000)
  from space 1536K, 75% used [0x00000000d6980000,0x00000000d6aa0000,0x00000000d6b00000)
  to   space 2048K, 0% used [0x00000000d6b80000,0x00000000d6b80000,0x00000000d6d80000)
 ParOldGen       total 68608K, used 25509K [0x0000000080000000, 0x0000000084300000, 0x00000000d5580000)
  object space 68608K, 37% used [0x0000000080000000,0x00000000818e97c0,0x0000000084300000)
 Metaspace       used 56896K, committed 57984K, reserved 1114112K
  class space    used 6097K, committed 6592K, reserved 1048576K
}
Event: 49.887 GC heap before
{Heap before GC invocations=22 (full 2):
 PSYoungGen      total 22016K, used 20038K [0x00000000d5580000, 0x00000000d6d80000, 0x0000000100000000)
  eden space 20480K, 92% used [0x00000000d5580000,0x00000000d67f19a8,0x00000000d6980000)
  from space 1536K, 75% used [0x00000000d6980000,0x00000000d6aa0000,0x00000000d6b00000)
  to   space 2048K, 0% used [0x00000000d6b80000,0x00000000d6b80000,0x00000000d6d80000)
 ParOldGen       total 68608K, used 25509K [0x0000000080000000, 0x0000000084300000, 0x00000000d5580000)
  object space 68608K, 37% used [0x0000000080000000,0x00000000818e97c0,0x0000000084300000)
 Metaspace       used 58732K, committed 59776K, reserved 1114112K
  class space    used 6329K, committed 6784K, reserved 1048576K
}
Event: 49.895 GC heap after
{Heap after GC invocations=22 (full 2):
 PSYoungGen      total 20480K, used 2027K [0x00000000d5580000, 0x00000000d7180000, 0x0000000100000000)
  eden space 18432K, 0% used [0x00000000d5580000,0x00000000d5580000,0x00000000d6780000)
  from space 2048K, 99% used [0x00000000d6b80000,0x00000000d6d7aec8,0x00000000d6d80000)
  to   space 4096K, 0% used [0x00000000d6780000,0x00000000d6780000,0x00000000d6b80000)
 ParOldGen       total 68608K, used 26862K [0x0000000080000000, 0x0000000084300000, 0x00000000d5580000)
  object space 68608K, 39% used [0x0000000080000000,0x0000000081a3b800,0x0000000084300000)
 Metaspace       used 58732K, committed 59776K, reserved 1114112K
  class space    used 6329K, committed 6784K, reserved 1048576K
}
Event: 49.895 GC heap before
{Heap before GC invocations=23 (full 3):
 PSYoungGen      total 20480K, used 2027K [0x00000000d5580000, 0x00000000d7180000, 0x0000000100000000)
  eden space 18432K, 0% used [0x00000000d5580000,0x00000000d5580000,0x00000000d6780000)
  from space 2048K, 99% used [0x00000000d6b80000,0x00000000d6d7aec8,0x00000000d6d80000)
  to   space 4096K, 0% used [0x00000000d6780000,0x00000000d6780000,0x00000000d6b80000)
 ParOldGen       total 68608K, used 26862K [0x0000000080000000, 0x0000000084300000, 0x00000000d5580000)
  object space 68608K, 39% used [0x0000000080000000,0x0000000081a3b800,0x0000000084300000)
 Metaspace       used 58732K, committed 59776K, reserved 1114112K
  class space    used 6329K, committed 6784K, reserved 1048576K
}
Event: 50.008 GC heap after
{Heap after GC invocations=23 (full 3):
 PSYoungGen      total 20480K, used 0K [0x00000000d5580000, 0x00000000d7180000, 0x0000000100000000)
  eden space 18432K, 0% used [0x00000000d5580000,0x00000000d5580000,0x00000000d6780000)
  from space 2048K, 0% used [0x00000000d6b80000,0x00000000d6b80000,0x00000000d6d80000)
  to   space 4096K, 0% used [0x00000000d6780000,0x00000000d6780000,0x00000000d6b80000)
 ParOldGen       total 68608K, used 24639K [0x0000000080000000, 0x0000000084300000, 0x00000000d5580000)
  object space 68608K, 35% used [0x0000000080000000,0x000000008180fd80,0x0000000084300000)
 Metaspace       used 58731K, committed 59776K, reserved 1114112K
  class space    used 6328K, committed 6784K, reserved 1048576K
}
Event: 50.828 GC heap before
{Heap before GC invocations=24 (full 3):
 PSYoungGen      total 20480K, used 18432K [0x00000000d5580000, 0x00000000d7180000, 0x0000000100000000)
  eden space 18432K, 100% used [0x00000000d5580000,0x00000000d6780000,0x00000000d6780000)
  from space 2048K, 0% used [0x00000000d6b80000,0x00000000d6b80000,0x00000000d6d80000)
  to   space 4096K, 0% used [0x00000000d6780000,0x00000000d6780000,0x00000000d6b80000)
 ParOldGen       total 68608K, used 24639K [0x0000000080000000, 0x0000000084300000, 0x00000000d5580000)
  object space 68608K, 35% used [0x0000000080000000,0x000000008180fd80,0x0000000084300000)
 Metaspace       used 61068K, committed 62208K, reserved 1114112K
  class space    used 6597K, committed 7040K, reserved 1048576K
}
Event: 50.833 GC heap after
{Heap after GC invocations=24 (full 3):
 PSYoungGen      total 19456K, used 1016K [0x00000000d5580000, 0x00000000d6c00000, 0x0000000100000000)
  eden space 18432K, 0% used [0x00000000d5580000,0x00000000d5580000,0x00000000d6780000)
  from space 1024K, 99% used [0x00000000d6780000,0x00000000d687e3e8,0x00000000d6880000)
  to   space 2048K, 0% used [0x00000000d6a00000,0x00000000d6a00000,0x00000000d6c00000)
 ParOldGen       total 68608K, used 24647K [0x0000000080000000, 0x0000000084300000, 0x00000000d5580000)
  object space 68608K, 35% used [0x0000000080000000,0x0000000081811d80,0x0000000084300000)
 Metaspace       used 61068K, committed 62208K, reserved 1114112K
  class space    used 6597K, committed 7040K, reserved 1048576K
}
Event: 51.983 GC heap before
{Heap before GC invocations=25 (full 3):
 PSYoungGen      total 19456K, used 19371K [0x00000000d5580000, 0x00000000d6c00000, 0x0000000100000000)
  eden space 18432K, 99% used [0x00000000d5580000,0x00000000d676ca28,0x00000000d6780000)
  from space 1024K, 99% used [0x00000000d6780000,0x00000000d687e3e8,0x00000000d6880000)
  to   space 2048K, 0% used [0x00000000d6a00000,0x00000000d6a00000,0x00000000d6c00000)
 ParOldGen       total 68608K, used 24647K [0x0000000080000000, 0x0000000084300000, 0x00000000d5580000)
  object space 68608K, 35% used [0x0000000080000000,0x0000000081811d80,0x0000000084300000)
 Metaspace       used 62504K, committed 63744K, reserved 1114112K
  class space    used 6729K, committed 7232K, reserved 1048576K
}
Event: 51.987 GC heap after
{Heap after GC invocations=25 (full 3):
 PSYoungGen      total 19968K, used 1211K [0x00000000d5580000, 0x00000000d6b80000, 0x0000000100000000)
  eden space 18432K, 0% used [0x00000000d5580000,0x00000000d5580000,0x00000000d6780000)
  from space 1536K, 78% used [0x00000000d6a00000,0x00000000d6b2ec48,0x00000000d6b80000)
  to   space 1536K, 0% used [0x00000000d6880000,0x00000000d6880000,0x00000000d6a00000)
 ParOldGen       total 68608K, used 25391K [0x0000000080000000, 0x0000000084300000, 0x00000000d5580000)
  object space 68608K, 37% used [0x0000000080000000,0x00000000818cbd00,0x0000000084300000)
 Metaspace       used 62504K, committed 63744K, reserved 1114112K
  class space    used 6729K, committed 7232K, reserved 1048576K
}
Event: 52.117 GC heap before
{Heap before GC invocations=26 (full 3):
 PSYoungGen      total 19968K, used 19643K [0x00000000d5580000, 0x00000000d6b80000, 0x0000000100000000)
  eden space 18432K, 100% used [0x00000000d5580000,0x00000000d6780000,0x00000000d6780000)
  from space 1536K, 78% used [0x00000000d6a00000,0x00000000d6b2ec48,0x00000000d6b80000)
  to   space 1536K, 0% used [0x00000000d6880000,0x00000000d6880000,0x00000000d6a00000)
 ParOldGen       total 68608K, used 25391K [0x0000000080000000, 0x0000000084300000, 0x00000000d5580000)
  object space 68608K, 37% used [0x0000000080000000,0x00000000818cbd00,0x0000000084300000)
 Metaspace       used 62656K, committed 63872K, reserved 1114112K
  class space    used 6732K, committed 7232K, reserved 1048576K
}
Event: 52.123 GC heap after
{Heap after GC invocations=26 (full 3):
 PSYoungGen      total 19968K, used 1504K [0x00000000d5580000, 0x00000000d6e80000, 0x0000000100000000)
  eden space 18432K, 0% used [0x00000000d5580000,0x00000000d5580000,0x00000000d6780000)
  from space 1536K, 97% used [0x00000000d6880000,0x00000000d69f8030,0x00000000d6a00000)
  to   space 3584K, 0% used [0x00000000d6b00000,0x00000000d6b00000,0x00000000d6e80000)
 ParOldGen       total 68608K, used 26883K [0x0000000080000000, 0x0000000084300000, 0x00000000d5580000)
  object space 68608K, 39% used [0x0000000080000000,0x0000000081a40e08,0x0000000084300000)
 Metaspace       used 62656K, committed 63872K, reserved 1114112K
  class space    used 6732K, committed 7232K, reserved 1048576K
}
Event: 52.408 GC heap before
{Heap before GC invocations=27 (full 3):
 PSYoungGen      total 19968K, used 19936K [0x00000000d5580000, 0x00000000d6e80000, 0x0000000100000000)
  eden space 18432K, 100% used [0x00000000d5580000,0x00000000d6780000,0x00000000d6780000)
  from space 1536K, 97% used [0x00000000d6880000,0x00000000d69f8030,0x00000000d6a00000)
  to   space 3584K, 0% used [0x00000000d6b00000,0x00000000d6b00000,0x00000000d6e80000)
 ParOldGen       total 68608K, used 26883K [0x0000000080000000, 0x0000000084300000, 0x00000000d5580000)
  object space 68608K, 39% used [0x0000000080000000,0x0000000081a40e08,0x0000000084300000)
 Metaspace       used 63072K, committed 64256K, reserved 1114112K
  class space    used 6795K, committed 7296K, reserved 1048576K
}
Event: 52.420 GC heap after
{Heap after GC invocations=27 (full 3):
 PSYoungGen      total 20992K, used 2065K [0x00000000d5580000, 0x00000000d6d80000, 0x0000000100000000)
  eden space 18432K, 0% used [0x00000000d5580000,0x00000000d5580000,0x00000000d6780000)
  from space 2560K, 80% used [0x00000000d6b00000,0x00000000d6d04410,0x00000000d6d80000)
  to   space 2560K, 0% used [0x00000000d6880000,0x00000000d6880000,0x00000000d6b00000)
 ParOldGen       total 68608K, used 28395K [0x0000000080000000, 0x0000000084300000, 0x00000000d5580000)
  object space 68608K, 41% used [0x0000000080000000,0x0000000081bbae38,0x0000000084300000)
 Metaspace       used 63072K, committed 64256K, reserved 1114112K
  class space    used 6795K, committed 7296K, reserved 1048576K
}

