# JRE version: OpenJDK Runtime Environment Temurin-21.0.12.1+1 (21.0.12.1+1) (build 21.0.12.1+1-LTS)
# Java VM: OpenJDK 64-Bit Server VM Temurin-21.0.12.1+1 (21.0.12.1+1-LTS, mixed mode, sharing, tiered, compressed oops, compressed class ptrs, parallel gc, windows-amd64)
GC Precious Log:
 CardTable entry size: 512
 CPUs: 2 total, 2 available
 Memory: 3889M
 Large Page Support: Disabled
 NUMA Support: Disabled
 Compressed Oops: Enabled (32-bit)
 Alignments: Space 512K, Generation 512K, Heap 2M
 Heap Min Capacity: 100M
 Heap Initial Capacity: 100M
 Heap Max Capacity: 2G
 Pre-touch: Disabled
 Parallel Workers: 2
Heap:
 PSYoungGen      total 22016K, used 13001K [0x00000000d5580000, 0x00000000d7080000, 0x0000000100000000)
  eden space 19968K, 54% used [0x00000000d5580000,0x00000000d6033ed0,0x00000000d6900000)
  from space 2048K, 99% used [0x00000000d6c80000,0x00000000d6e7e910,0x00000000d6e80000)
  to   space 3584K, 0% used [0x00000000d6900000,0x00000000d6900000,0x00000000d6c80000)
 ParOldGen       total 68608K, used 42531K [0x0000000080000000, 0x0000000084300000, 0x00000000d5580000)
  object space 68608K, 61% used [0x0000000080000000,0x0000000082988cc8,0x0000000084300000)
 Metaspace       used 60865K, committed 62208K, reserved 1114112K
  class space    used 6510K, committed 7104K, reserved 1048576K
GC Heap History (20 events):
Event: 27.268 GC heap before
{Heap before GC invocations=26 (full 2):
 PSYoungGen      total 23040K, used 22528K [0x00000000d5580000, 0x00000000d6e80000, 0x0000000100000000)
  eden space 20480K, 100% used [0x00000000d5580000,0x00000000d6980000,0x00000000d6980000)
  from space 2560K, 80% used [0x00000000d6980000,0x00000000d6b80000,0x00000000d6c00000)
  to   space 2560K, 0% used [0x00000000d6c00000,0x00000000d6c00000,0x00000000d6e80000)
 ParOldGen       total 68608K, used 32685K [0x0000000080000000, 0x0000000084300000, 0x00000000d5580000)
  object space 68608K, 47% used [0x0000000080000000,0x0000000081feb548,0x0000000084300000)
 Metaspace       used 48930K, committed 50240K, reserved 1114112K
  class space    used 5329K, committed 5952K, reserved 1048576K
}
Event: 27.278 GC heap after
{Heap after GC invocations=26 (full 2):
 PSYoungGen      total 23040K, used 2200K [0x00000000d5580000, 0x00000000d6e80000, 0x0000000100000000)
  eden space 20480K, 0% used [0x00000000d5580000,0x00000000d5580000,0x00000000d6980000)
  from space 2560K, 85% used [0x00000000d6c00000,0x00000000d6e26210,0x00000000d6e80000)
  to   space 2560K, 0% used [0x00000000d6980000,0x00000000d6980000,0x00000000d6c00000)
 ParOldGen       total 68608K, used 34701K [0x0000000080000000, 0x0000000084300000, 0x00000000d5580000)
  object space 68608K, 50% used [0x0000000080000000,0x00000000821e3548,0x0000000084300000)
 Metaspace       used 48930K, committed 50240K, reserved 1114112K
  class space    used 5329K, committed 5952K, reserved 1048576K
}
Event: 29.797 GC heap before
{Heap before GC invocations=27 (full 2):
 PSYoungGen      total 23040K, used 22680K [0x00000000d5580000, 0x00000000d6e80000, 0x0000000100000000)
  eden space 20480K, 100% used [0x00000000d5580000,0x00000000d6980000,0x00000000d6980000)
  from space 2560K, 85% used [0x00000000d6c00000,0x00000000d6e26210,0x00000000d6e80000)
  to   space 2560K, 0% used [0x00000000d6980000,0x00000000d6980000,0x00000000d6c00000)
 ParOldGen       total 68608K, used 34701K [0x0000000080000000, 0x0000000084300000, 0x00000000d5580000)
  object space 68608K, 50% used [0x0000000080000000,0x00000000821e3548,0x0000000084300000)
 Metaspace       used 50546K, committed 51840K, reserved 1114112K
  class space    used 5485K, committed 6080K, reserved 1048576K
}
Event: 29.810 GC heap after
{Heap after GC invocations=27 (full 2):
 PSYoungGen      total 23040K, used 2536K [0x00000000d5580000, 0x00000000d7680000, 0x0000000100000000)
  eden space 20480K, 0% used [0x00000000d5580000,0x00000000d5580000,0x00000000d6980000)
  from space 2560K, 99% used [0x00000000d6980000,0x00000000d6bfa000,0x00000000d6c00000)
  to   space 6656K, 0% used [0x00000000d7000000,0x00000000d7000000,0x00000000d7680000)
 ParOldGen       total 68608K, used 37837K [0x0000000080000000, 0x0000000084300000, 0x00000000d5580000)
  object space 68608K, 55% used [0x0000000080000000,0x00000000824f35e8,0x0000000084300000)
 Metaspace       used 50546K, committed 51840K, reserved 1114112K
  class space    used 5485K, committed 6080K, reserved 1048576K
}
Event: 31.012 GC heap before
{Heap before GC invocations=28 (full 2):
 PSYoungGen      total 23040K, used 23016K [0x00000000d5580000, 0x00000000d7680000, 0x0000000100000000)
  eden space 20480K, 100% used [0x00000000d5580000,0x00000000d6980000,0x00000000d6980000)
  from space 2560K, 99% used [0x00000000d6980000,0x00000000d6bfa000,0x00000000d6c00000)
  to   space 6656K, 0% used [0x00000000d7000000,0x00000000d7000000,0x00000000d7680000)
 ParOldGen       total 68608K, used 37837K [0x0000000080000000, 0x0000000084300000, 0x00000000d5580000)
  object space 68608K, 55% used [0x0000000080000000,0x00000000824f35e8,0x0000000084300000)
 Metaspace       used 51795K, committed 52992K, reserved 1114112K
  class space    used 5611K, committed 6144K, reserved 1048576K
}
Event: 31.018 GC heap after
{Heap after GC invocations=28 (full 2):
 PSYoungGen      total 20992K, used 384K [0x00000000d5580000, 0x00000000d7080000, 0x0000000100000000)
  eden space 20480K, 0% used [0x00000000d5580000,0x00000000d5580000,0x00000000d6980000)
  from space 512K, 75% used [0x00000000d7000000,0x00000000d7060020,0x00000000d7080000)
  to   space 2560K, 0% used [0x00000000d6b80000,0x00000000d6b80000,0x00000000d6e00000)
 ParOldGen       total 68608K, used 40370K [0x0000000080000000, 0x0000000084300000, 0x00000000d5580000)
  object space 68608K, 58% used [0x0000000080000000,0x000000008276c940,0x0000000084300000)
 Metaspace       used 51795K, committed 52992K, reserved 1114112K
  class space    used 5611K, committed 6144K, reserved 1048576K
}
Event: 31.686 GC heap before
{Heap before GC invocations=29 (full 2):
 PSYoungGen      total 20992K, used 20864K [0x00000000d5580000, 0x00000000d7080000, 0x0000000100000000)
  eden space 20480K, 100% used [0x00000000d5580000,0x00000000d6980000,0x00000000d6980000)
  from space 512K, 75% used [0x00000000d7000000,0x00000000d7060020,0x00000000d7080000)
  to   space 2560K, 0% used [0x00000000d6b80000,0x00000000d6b80000,0x00000000d6e00000)
 ParOldGen       total 68608K, used 40370K [0x0000000080000000, 0x0000000084300000, 0x00000000d5580000)
  object space 68608K, 58% used [0x0000000080000000,0x000000008276c940,0x0000000084300000)
 Metaspace       used 52804K, committed 54080K, reserved 1114112K
  class space    used 5699K, committed 6272K, reserved 1048576K
}
Event: 31.689 GC heap after
{Heap after GC invocations=29 (full 2):
 PSYoungGen      total 23040K, used 1630K [0x00000000d5580000, 0x00000000d7080000, 0x0000000100000000)
  eden space 20480K, 0% used [0x00000000d5580000,0x00000000d5580000,0x00000000d6980000)
  from space 2560K, 63% used [0x00000000d6b80000,0x00000000d6d17898,0x00000000d6e00000)
  to   space 2048K, 0% used [0x00000000d6e80000,0x00000000d6e80000,0x00000000d7080000)
 ParOldGen       total 68608K, used 40685K [0x0000000080000000, 0x0000000084300000, 0x00000000d5580000)
  object space 68608K, 59% used [0x0000000080000000,0x00000000827bb450,0x0000000084300000)
 Metaspace       used 52804K, committed 54080K, reserved 1114112K
  class space    used 5699K, committed 6272K, reserved 1048576K
}
Event: 32.031 GC heap before
{Heap before GC invocations=30 (full 2):
 PSYoungGen      total 23040K, used 22110K [0x00000000d5580000, 0x00000000d7080000, 0x0000000100000000)
  eden space 20480K, 100% used [0x00000000d5580000,0x00000000d6980000,0x00000000d6980000)
  from space 2560K, 63% used [0x00000000d6b80000,0x00000000d6d17898,0x00000000d6e00000)
  to   space 2048K, 0% used [0x00000000d6e80000,0x00000000d6e80000,0x00000000d7080000)
 ParOldGen       total 68608K, used 40685K [0x0000000080000000, 0x0000000084300000, 0x00000000d5580000)
  object space 68608K, 59% used [0x0000000080000000,0x00000000827bb450,0x0000000084300000)
 Metaspace       used 52852K, committed 54080K, reserved 1114112K
  class space    used 5700K, committed 6272K, reserved 1048576K
}
Event: 32.033 GC heap after
{Heap after GC invocations=30 (full 2):
 PSYoungGen      total 20992K, used 425K [0x00000000d5580000, 0x00000000d6f00000, 0x0000000100000000)
  eden space 20480K, 0% used [0x00000000d5580000,0x00000000d5580000,0x00000000d6980000)
  from space 512K, 83% used [0x00000000d6e80000,0x00000000d6eea750,0x00000000d6f00000)
  to   space 1024K, 0% used [0x00000000d6d00000,0x00000000d6d00000,0x00000000d6e00000)
 ParOldGen       total 68608K, used 41449K [0x0000000080000000, 0x0000000084300000, 0x00000000d5580000)
  object space 68608K, 60% used [0x0000000080000000,0x000000008287a5f8,0x0000000084300000)
 Metaspace       used 52852K, committed 54080K, reserved 1114112K
  class space    used 5700K, committed 6272K, reserved 1048576K
}
Event: 34.882 GC heap before
{Heap before GC invocations=31 (full 2):
 PSYoungGen      total 20992K, used 20905K [0x00000000d5580000, 0x00000000d6f00000, 0x0000000100000000)
  eden space 20480K, 100% used [0x00000000d5580000,0x00000000d6980000,0x00000000d6980000)
  from space 512K, 83% used [0x00000000d6e80000,0x00000000d6eea750,0x00000000d6f00000)
  to   space 1024K, 0% used [0x00000000d6d00000,0x00000000d6d00000,0x00000000d6e00000)
 ParOldGen       total 68608K, used 41449K [0x0000000080000000, 0x0000000084300000, 0x00000000d5580000)
  object space 68608K, 60% used [0x0000000080000000,0x000000008287a5f8,0x0000000084300000)
 Metaspace       used 54769K, committed 56064K, reserved 1114112K
  class space    used 5897K, committed 6464K, reserved 1048576K
}
Event: 34.886 GC heap after
{Heap after GC invocations=31 (full 2):
 PSYoungGen      total 21504K, used 1005K [0x00000000d5580000, 0x00000000d6f00000, 0x0000000100000000)
  eden space 20480K, 0% used [0x00000000d5580000,0x00000000d5580000,0x00000000d6980000)
  from space 1024K, 98% used [0x00000000d6d00000,0x00000000d6dfb590,0x00000000d6e00000)
  to   space 1024K, 0% used [0x00000000d6e00000,0x00000000d6e00000,0x00000000d6f00000)
 ParOldGen       total 68608K, used 41611K [0x0000000080000000, 0x0000000084300000, 0x00000000d5580000)
  object space 68608K, 60% used [0x0000000080000000,0x00000000828a2fb8,0x0000000084300000)
 Metaspace       used 54769K, committed 56064K, reserved 1114112K
  class space    used 5897K, committed 6464K, reserved 1048576K
}
Event: 37.994 GC heap before
{Heap before GC invocations=32 (full 2):
 PSYoungGen      total 21504K, used 21485K [0x00000000d5580000, 0x00000000d6f00000, 0x0000000100000000)
  eden space 20480K, 100% used [0x00000000d5580000,0x00000000d6980000,0x00000000d6980000)
  from space 1024K, 98% used [0x00000000d6d00000,0x00000000d6dfb590,0x00000000d6e00000)
  to   space 1024K, 0% used [0x00000000d6e00000,0x00000000d6e00000,0x00000000d6f00000)
 ParOldGen       total 68608K, used 41611K [0x0000000080000000, 0x0000000084300000, 0x00000000d5580000)
  object space 68608K, 60% used [0x0000000080000000,0x00000000828a2fb8,0x0000000084300000)
 Metaspace       used 57167K, committed 58432K, reserved 1114112K
  class space    used 6157K, committed 6720K, reserved 1048576K
}
Event: 38.000 GC heap after
{Heap after GC invocations=32 (full 2):
 PSYoungGen      total 21504K, used 993K [0x00000000d5580000, 0x00000000d6f00000, 0x0000000100000000)
  eden space 20480K, 0% used [0x00000000d5580000,0x00000000d5580000,0x00000000d6980000)
  from space 1024K, 96% used [0x00000000d6e00000,0x00000000d6ef8418,0x00000000d6f00000)
  to   space 2048K, 0% used [0x00000000d6b00000,0x00000000d6b00000,0x00000000d6d00000)
 ParOldGen       total 68608K, used 42405K [0x0000000080000000, 0x0000000084300000, 0x00000000d5580000)
  object space 68608K, 61% used [0x0000000080000000,0x0000000082969730,0x0000000084300000)
 Metaspace       used 57167K, committed 58432K, reserved 1114112K
  class space    used 6157K, committed 6720K, reserved 1048576K
}
Event: 40.038 GC heap before
{Heap before GC invocations=33 (full 2):
 PSYoungGen      total 21504K, used 13095K [0x00000000d5580000, 0x00000000d6f00000, 0x0000000100000000)
  eden space 20480K, 59% used [0x00000000d5580000,0x00000000d6151920,0x00000000d6980000)
  from space 1024K, 96% used [0x00000000d6e00000,0x00000000d6ef8418,0x00000000d6f00000)
  to   space 2048K, 0% used [0x00000000d6b00000,0x00000000d6b00000,0x00000000d6d00000)
 ParOldGen       total 68608K, used 42405K [0x0000000080000000, 0x0000000084300000, 0x00000000d5580000)
  object space 68608K, 61% used [0x0000000080000000,0x0000000082969730,0x0000000084300000)
 Metaspace       used 58541K, committed 59776K, reserved 1114112K
  class space    used 6278K, committed 6848K, reserved 1048576K
}
Event: 40.044 GC heap after
{Heap after GC invocations=33 (full 2):
 PSYoungGen      total 22016K, used 1433K [0x00000000d5580000, 0x00000000d6e80000, 0x0000000100000000)
  eden space 20480K, 0% used [0x00000000d5580000,0x00000000d5580000,0x00000000d6980000)
  from space 1536K, 93% used [0x00000000d6b00000,0x00000000d6c66650,0x00000000d6c80000)
  to   space 2048K, 0% used [0x00000000d6c80000,0x00000000d6c80000,0x00000000d6e80000)
 ParOldGen       total 68608K, used 43340K [0x0000000080000000, 0x0000000084300000, 0x00000000d5580000)
  object space 68608K, 63% used [0x0000000080000000,0x0000000082a530b8,0x0000000084300000)
 Metaspace       used 58541K, committed 59776K, reserved 1114112K
  class space    used 6278K, committed 6848K, reserved 1048576K
}
Event: 40.044 GC heap before
{Heap before GC invocations=34 (full 3):
 PSYoungGen      total 22016K, used 1433K [0x00000000d5580000, 0x00000000d6e80000, 0x0000000100000000)
  eden space 20480K, 0% used [0x00000000d5580000,0x00000000d5580000,0x00000000d6980000)
  from space 1536K, 93% used [0x00000000d6b00000,0x00000000d6c66650,0x00000000d6c80000)
  to   space 2048K, 0% used [0x00000000d6c80000,0x00000000d6c80000,0x00000000d6e80000)
 ParOldGen       total 68608K, used 43340K [0x0000000080000000, 0x0000000084300000, 0x00000000d5580000)
  object space 68608K, 63% used [0x0000000080000000,0x0000000082a530b8,0x0000000084300000)
 Metaspace       used 58541K, committed 59776K, reserved 1114112K
  class space    used 6278K, committed 6848K, reserved 1048576K
}
Event: 40.313 GC heap after
{Heap after GC invocations=34 (full 3):
 PSYoungGen      total 22016K, used 0K [0x00000000d5580000, 0x00000000d6e80000, 0x0000000100000000)
  eden space 20480K, 0% used [0x00000000d5580000,0x00000000d5580000,0x00000000d6980000)
  from space 1536K, 0% used [0x00000000d6b00000,0x00000000d6b00000,0x00000000d6c80000)
  to   space 2048K, 0% used [0x00000000d6c80000,0x00000000d6c80000,0x00000000d6e80000)
 ParOldGen       total 68608K, used 41644K [0x0000000080000000, 0x0000000084300000, 0x00000000d5580000)
  object space 68608K, 60% used [0x0000000080000000,0x00000000828ab190,0x0000000084300000)
 Metaspace       used 58541K, committed 59776K, reserved 1114112K
  class space    used 6278K, committed 6848K, reserved 1048576K
}
Event: 42.850 GC heap before
{Heap before GC invocations=35 (full 3):
 PSYoungGen      total 22016K, used 20480K [0x00000000d5580000, 0x00000000d6e80000, 0x0000000100000000)
  eden space 20480K, 100% used [0x00000000d5580000,0x00000000d6980000,0x00000000d6980000)
  from space 1536K, 0% used [0x00000000d6b00000,0x00000000d6b00000,0x00000000d6c80000)
  to   space 2048K, 0% used [0x00000000d6c80000,0x00000000d6c80000,0x00000000d6e80000)
 ParOldGen       total 68608K, used 41644K [0x0000000080000000, 0x0000000084300000, 0x00000000d5580000)
  object space 68608K, 60% used [0x0000000080000000,0x00000000828ab190,0x0000000084300000)
 Metaspace       used 60465K, committed 61824K, reserved 1114112K
  class space    used 6469K, committed 7040K, reserved 1048576K
}
Event: 42.864 GC heap after
{Heap after GC invocations=35 (full 3):
 PSYoungGen      total 22016K, used 2042K [0x00000000d5580000, 0x00000000d7080000, 0x0000000100000000)
  eden space 19968K, 0% used [0x00000000d5580000,0x00000000d5580000,0x00000000d6900000)
  from space 2048K, 99% used [0x00000000d6c80000,0x00000000d6e7e910,0x00000000d6e80000)
  to   space 3584K, 0% used [0x00000000d6900000,0x00000000d6900000,0x00000000d6c80000)
 ParOldGen       total 68608K, used 42531K [0x0000000080000000, 0x0000000084300000, 0x00000000d5580000)
  object space 68608K, 61% used [0x0000000080000000,0x0000000082988cc8,0x0000000084300000)
 Metaspace       used 60465K, committed 61824K, reserved 1114112K
  class space    used 6469K, committed 7040K, reserved 1048576K
}

